<?xml version="1.0" encoding="UTF-8"?><testsuite errors="0" failures="0" name="Customer can be created" skipped="0" tests="12" time="164.84" timestamp="2017-08-14T16:27:20.417+07:00[Asia/Ho_Chi_Minh]"><testcase name="User create new customer successfully"/><testcase name="All fields of new customer page blank"/><testcase name="User create new customer with email address already exist"/><testcase name="User create new customer with customer name blank"/><testcase name="User create new customer with customer DOB blank"/><testcase name="User create new customer with customer address blank"/><testcase name="User create new customer with customer citi blank"/><testcase name="User create new customer with customer state blank"/><testcase name="User create new customer with customer PIN blank"/><testcase name="User create new customer with customer mobile blank"/><testcase name="User create new customer with customer email address blank"/><testcase name="User create new customer with customer pass blank"/></testsuite>