<?xml version="1.0" encoding="UTF-8"?><testsuite errors="0" failures="0" name="Account can be created" skipped="0" tests="5" time="66.02" timestamp="2017-08-14T16:25:08.736+07:00[Asia/Ho_Chi_Minh]"><testcase name="New customer create new account successfully"/><testcase name="Reset all fields of new account page"/><testcase name="Customer create new account with customer id blank"/><testcase name="Customer create new account with initial deposit blank"/><testcase name="Customer create new account with wrong customer id"/></testsuite>