<?xml version="1.0" encoding="UTF-8"?><testsuite errors="0" failures="0" name="Account can deposit" skipped="0" tests="7" time="65.42" timestamp="2017-08-14T16:26:14.893+07:00[Asia/Ho_Chi_Minh]"><testcase name="User create new customer successfully"/><testcase name="New account deposit successfully"/><testcase name="Reset all fields of Deposit page"/><testcase name="New account deposit with accountNo blank"/><testcase name="New account deposit with amount blank"/><testcase name="New account deposit with description blank"/><testcase name="New account deposit with wrong accountNo"/></testsuite>